Application/app/build/intermediates/manifest_merge_blame_file/debug/manifest-merger-blame-debug-report.txt
1<?xml version="1.0" encoding="utf-8"?>
2<manifest xmlns:android="http://schemas.android.com/apk/res/android"
3    package="com.example.robotheexplorer"
4    android:versionCode="1"
5    android:versionName="1.0" >
6
7    <uses-sdk
8        android:minSdkVersion="23"
8-->src\main\AndroidManifest.xml
9        android:targetSdkVersion="32" />
9-->src\main\AndroidManifest.xml
10
11    <supports-screens
11-->[org.osmdroid:osmdroid-android:6.1.10] AndroidManifest.xml:11:5-14:40
12        android:anyDensity="true"
12-->[org.osmdroid:osmdroid-android:6.1.10] AndroidManifest.xml:12:9-34
13        android:largeScreens="true"
13-->[org.osmdroid:osmdroid-android:6.1.10] AndroidManifest.xml:13:9-36
14        android:normalScreens="true" />
14-->[org.osmdroid:osmdroid-android:6.1.10] AndroidManifest.xml:14:9-37
15
16    <uses-feature
16-->[org.osmdroid:osmdroid-android:6.1.10] AndroidManifest.xml:16:5-18:36
17        android:name="android.hardware.location.network"
17-->[org.osmdroid:osmdroid-android:6.1.10] AndroidManifest.xml:17:9-57
18        android:required="false" />
18-->[org.osmdroid:osmdroid-android:6.1.10] AndroidManifest.xml:18:9-33
19    <uses-feature
19-->[org.osmdroid:osmdroid-android:6.1.10] AndroidManifest.xml:19:5-21:36
20        android:name="android.hardware.location.gps"
20-->[org.osmdroid:osmdroid-android:6.1.10] AndroidManifest.xml:20:9-53
21        android:required="false" />
21-->[org.osmdroid:osmdroid-android:6.1.10] AndroidManifest.xml:21:9-33
22    <uses-feature
22-->[org.osmdroid:osmdroid-android:6.1.10] AndroidManifest.xml:22:5-24:36
23        android:name="android.hardware.telephony"
23-->[org.osmdroid:osmdroid-android:6.1.10] AndroidManifest.xml:23:9-50
24        android:required="false" />
24-->[org.osmdroid:osmdroid-android:6.1.10] AndroidManifest.xml:24:9-33
25    <uses-feature
25-->[org.osmdroid:osmdroid-android:6.1.10] AndroidManifest.xml:25:5-27:36
26        android:name="android.hardware.wifi"
26-->[org.osmdroid:osmdroid-android:6.1.10] AndroidManifest.xml:26:9-45
27        android:required="false" />
27-->[org.osmdroid:osmdroid-android:6.1.10] AndroidManifest.xml:27:9-33
28
29    <application
29-->src\main\AndroidManifest.xml:5:5-21:19
30        android:allowBackup="true"
30-->src\main\AndroidManifest.xml:6:9-35
31        android:appComponentFactory="androidx.core.app.CoreComponentFactory"
31-->[androidx.core:core:1.7.0] AndroidManifest.xml:24:18-86
32        android:debuggable="true"
33        android:extractNativeLibs="false"
34        android:icon="@mipmap/ic_launcher"
34-->src\main\AndroidManifest.xml:7:9-43
35        android:label="@string/app_name"
35-->src\main\AndroidManifest.xml:8:9-41
36        android:roundIcon="@mipmap/ic_launcher_round"
36-->src\main\AndroidManifest.xml:9:9-54
37        android:supportsRtl="true"
37-->src\main\AndroidManifest.xml:10:9-35
38        android:testOnly="true"
39        android:theme="@style/Theme.RoboTheExplorer" >
39-->src\main\AndroidManifest.xml:11:9-53
40        <activity
40-->src\main\AndroidManifest.xml:12:9-20:20
41            android:name="com.example.robotheexplorer.MainActivity"
41-->src\main\AndroidManifest.xml:13:13-41
42            android:exported="true" >
42-->src\main\AndroidManifest.xml:14:13-36
43            <intent-filter>
43-->src\main\AndroidManifest.xml:15:13-19:29
44                <action android:name="android.intent.action.MAIN" />
44-->src\main\AndroidManifest.xml:16:17-69
44-->src\main\AndroidManifest.xml:16:25-66
45
46                <category android:name="android.intent.category.LAUNCHER" />
46-->src\main\AndroidManifest.xml:18:17-77
46-->src\main\AndroidManifest.xml:18:27-74
47            </intent-filter>
48        </activity>
49
50        <provider
50-->[androidx.emoji2:emoji2:1.0.0] AndroidManifest.xml:26:9-34:20
51            android:name="androidx.startup.InitializationProvider"
51-->[androidx.emoji2:emoji2:1.0.0] AndroidManifest.xml:27:13-67
52            android:authorities="com.example.robotheexplorer.androidx-startup"
52-->[androidx.emoji2:emoji2:1.0.0] AndroidManifest.xml:28:13-68
53            android:exported="false" >
53-->[androidx.emoji2:emoji2:1.0.0] AndroidManifest.xml:29:13-37
54            <meta-data
54-->[androidx.emoji2:emoji2:1.0.0] AndroidManifest.xml:31:13-33:52
55                android:name="androidx.emoji2.text.EmojiCompatInitializer"
55-->[androidx.emoji2:emoji2:1.0.0] AndroidManifest.xml:32:17-75
56                android:value="androidx.startup" />
56-->[androidx.emoji2:emoji2:1.0.0] AndroidManifest.xml:33:17-49
57            <meta-data
57-->[androidx.lifecycle:lifecycle-process:2.4.0] AndroidManifest.xml:31:13-33:52
58                android:name="androidx.lifecycle.ProcessLifecycleInitializer"
58-->[androidx.lifecycle:lifecycle-process:2.4.0] AndroidManifest.xml:32:17-78
59                android:value="androidx.startup" />
59-->[androidx.lifecycle:lifecycle-process:2.4.0] AndroidManifest.xml:33:17-49
60        </provider>
61    </application>
62
63</manifest>